[35m[Appium][39m Welcome to Appium v2.3.0
[35m[Appium][39m Non-default server args:
[35m[Appium][39m { basePath: [32m'/wd/hub'[39m, loglevel: [32m'info'[39m, port: [33m63324[39m }
[35m[Appium][39m Attempting to load driver uiautomator2...
[35m[Appium][39m Appium REST http interface listener started on http://0.0.0.0:63324/wd/hub
[35m[Appium][39m You can provide the following URLs in your client code to connect to this server:
[35m[Appium][39m 	http://192.168.203.1:63324/wd/hub
[35m[Appium][39m 	http://192.168.153.1:63324/wd/hub
[35m[Appium][39m 	http://192.168.1.7:63324/wd/hub
[35m[Appium][39m 	http://127.0.0.1:63324/wd/hub (only accessible from the same host)
[35m[Appium][39m Available drivers:
[35m[Appium][39m   - uiautomator2@2.36.0 (automationName 'UiAutomator2')
[35m[Appium][39m No plugins have been installed. Use the "appium plugin" command to install the one(s) you want to use.
[38;5;0m[HTTP][0m [37m-->[39m [37mGET[39m [37m/wd/hub/status[39m
[38;5;0m[HTTP][0m [90m{}[39m
[38;5;0m[HTTP][0m [37m<-- GET /wd/hub/status [39m[32m200[39m [90m5 ms - 110[39m
[38;5;0m[HTTP][0m [90m[39m
[38;5;0m[HTTP][0m [37m-->[39m [37mGET[39m [37m/wd/hub/status[39m
[38;5;0m[HTTP][0m [90m{}[39m
[38;5;0m[HTTP][0m [37m<-- GET /wd/hub/status [39m[32m200[39m [90m1 ms - 110[39m
[38;5;0m[HTTP][0m [90m[39m
[38;5;0m[HTTP][0m [37m-->[39m [37mPOST[39m [37m/wd/hub/session[39m
[38;5;0m[HTTP][0m [90m{"desiredCapabilities":{"appium:systemPort":63336,"appium:newCommandTimeout":1800,"appium:automationName":"uiautomator2","appium:fullReset":false,"appium:platformVersion":"9","appium:noReset":true,"appium:udid":"3RP4C18317003824","appium:autoGrantPermissions":true,"appium:platformName":"ANDROID","appium:deviceName":"HUAWEI BND-L21 (Android 9)","platformName":"Android","appium:app":"C:\\Users\\AyAA\\Downloads\\General-Store.apk"},"capabilities":{"firstMatch":[{"appium:app":"C:\\Users\\AyAA\\Downloads\\General-Store.apk","appium:autoGrantPermissions":true,"appium:automationName":"uiautomator2","appium:deviceName":"HUAWEI BND-L21 (Android 9)","appium:fullReset":false,"appium:newCommandTimeout":1800,"appium:noReset":true,"appium:platformName":"ANDROID","appium:platformVersion":"9","appium:systemPort":63336,"appium:udid":"3RP4C18317003824","platformName":"android"}]}}[39m
[38;5;32m[BaseDriver][0m Ignoring capability 'appium:platformName=ANDROID' and using capability 'platformName=android'
[38;5;32m[BaseDriver][0m The capabilities ["platformName"] are standard capabilities and do not require "appium:" prefix
[35m[Appium][39m Attempting to find matching driver for automationName 'uiautomator2' and platformName 'android'
[35m[Appium][39m The 'uiautomator2' driver was installed and matched caps.
[35m[Appium][39m Will require it at C:\Users\AyAA\.appium\node_modules\appium-uiautomator2-driver
[38;5;16m[AppiumDriver@7d31][0m Appium v2.3.0 creating new AndroidUiautomator2Driver (v2.36.0) session
[38;5;16m[AppiumDriver@7d31][0m Checking BaseDriver versions for Appium and AndroidUiautomator2Driver
[38;5;16m[AppiumDriver@7d31][0m Appium's BaseDriver version is 9.4.4
[38;5;16m[AppiumDriver@7d31][0m AndroidUiautomator2Driver's BaseDriver version is 9.4.4
[38;5;48m[AndroidUiautomator2Driver@e9b8 (e3402478)][0m Session created with session id: e3402478-8b68-4603-a6c0-ccf6ecf10005
[38;5;32m[BaseDriver][0m Using local app 'C:\Users\AyAA\Downloads\General-Store.apk'
[38;5;64m[ADB][0m Found 3 'build-tools' folders under 'C:\Users\AyAA\AppData\Local\Android\Sdk' (newest first):
[38;5;64m[ADB][0m     C:\Users\AyAA\AppData\Local\Android\Sdk\build-tools\32.0.0
[38;5;64m[ADB][0m     C:\Users\AyAA\AppData\Local\Android\Sdk\build-tools\30.0.2
[38;5;64m[ADB][0m     C:\Users\AyAA\AppData\Local\Android\Sdk\build-tools\29.0.2
[38;5;64m[ADB][0m Using 'adb.exe' from 'C:\Users\AyAA\AppData\Local\Android\Sdk\platform-tools\adb.exe'
[38;5;80m[AndroidDriver][0m Retrieving device list
[38;5;80m[AndroidDriver][0m Using device: 3RP4C18317003824
[38;5;64m[ADB][0m Using 'adb.exe' from 'C:\Users\AyAA\AppData\Local\Android\Sdk\platform-tools\adb.exe'
[38;5;64m[ADB][0m Getting device platform version
[38;5;48m[AndroidUiautomator2Driver@e9b8 (e3402478)][0m Relaxing hidden api policy
[38;5;64m[ADB][0m Package name: 'com.androidsample.generalstore'
[38;5;64m[ADB][0m Main activity name: 'com.androidsample.generalstore.SplashActivity'
[38;5;64m[ADB][0m Using 'apksigner.jar' from 'C:\Users\AyAA\AppData\Local\Android\Sdk\build-tools\32.0.0\lib\apksigner.jar'
[38;5;64m[ADB][0m 'C:\Users\AyAA\.appium\node_modules\appium-uiautomator2-driver\node_modules\appium-uiautomator2-server\apks\appium-uiautomator2-server-debug-androidTest.apk' is signed with the default certificate
[38;5;64m[ADB][0m 'C:\Users\AyAA\.appium\node_modules\appium-uiautomator2-driver\node_modules\appium-uiautomator2-server\apks\appium-uiautomator2-server-v5.13.0.apk' is signed with the default certificate
[38;5;48m[AndroidUiautomator2Driver@e9b8 (e3402478)][0m Server packages are not going to be (re)installed
[38;5;64m[ADB][0m Adding packages ["io.appium.settings","io.appium.uiautomator2.server","io.appium.uiautomator2.server.test"] to Doze whitelist
[38;5;64m[ADB][0m 'C:\Users\AyAA\Downloads\General-Store.apk' is signed with a non-default certificate
[38;5;64m[ADB][0m The application at 'C:\Users\AyAA\Downloads\General-Store.apk' will not be cached, because the device under test has confirmed the support of streamed installs
[38;5;64m[ADB][0m The installation of 'General-Store.apk' took 1769ms
[38;5;48m[AndroidUiautomator2Driver@e9b8 (e3402478)][0m Starting UIAutomator2 server 5.13.0
[38;5;48m[AndroidUiautomator2Driver@e9b8 (e3402478)][0m Using UIAutomator2 server from 'C:\Users\AyAA\.appium\node_modules\appium-uiautomator2-driver\node_modules\appium-uiautomator2-server\apks\appium-uiautomator2-server-v5.13.0.apk' and test from 'C:\Users\AyAA\.appium\node_modules\appium-uiautomator2-driver\node_modules\appium-uiautomator2-server\apks\appium-uiautomator2-server-debug-androidTest.apk'
[38;5;48m[AndroidUiautomator2Driver@e9b8 (e3402478)][0m Waiting up to 30000ms for UiAutomator2 to be online...
[38;5;48m[AndroidUiautomator2Driver@e9b8 (e3402478)][0m socket hang up
[38;5;48m[AndroidUiautomator2Driver@e9b8 (e3402478)][0m socket hang up
[38;5;48m[AndroidUiautomator2Driver@e9b8 (e3402478)][0m socket hang up
[38;5;48m[AndroidUiautomator2Driver@e9b8 (e3402478)][0m socket hang up
[38;5;48m[AndroidUiautomator2Driver@e9b8 (e3402478)][0m socket hang up
[38;5;48m[AndroidUiautomator2Driver@e9b8 (e3402478)][0m Determined the downstream protocol as 'W3C'
[38;5;80m[AndroidDriver][0m Neither 'unlockType' nor 'unlockKey' capability is provided. Assuming the device is locked with a simple lock screen.
[38;5;64m[ADB][0m Waking up the device to dismiss the keyguard
[38;5;48m[AndroidUiautomator2Driver@e9b8 (e3402478)][0m Starting 'com.androidsample.generalstore/com.androidsample.generalstore.SplashActivity and waiting for 'com.androidsample.generalstore/com.androidsample.generalstore.SplashActivity'
[38;5;16m[AppiumDriver@7d31][0m New AndroidUiautomator2Driver session created successfully, session e3402478-8b68-4603-a6c0-ccf6ecf10005 added to master session list
[38;5;0m[HTTP][0m [37m<-- POST /wd/hub/session [39m[32m200[39m [90m15307 ms - 1194[39m
[38;5;0m[HTTP][0m [90m[39m
[38;5;0m[HTTP][0m [37m-->[39m [37mGET[39m [37m/wd/hub/session/e3402478-8b68-4603-a6c0-ccf6ecf10005[39m
[38;5;0m[HTTP][0m [90m{}[39m
[38;5;0m[HTTP][0m [37m<-- GET /wd/hub/session/e3402478-8b68-4603-a6c0-ccf6ecf10005 [39m[32m200[39m [90m42 ms - 339[39m
[38;5;0m[HTTP][0m [90m[39m
[38;5;0m[HTTP][0m [37m-->[39m [37mGET[39m [37m/wd/hub/session/e3402478-8b68-4603-a6c0-ccf6ecf10005[39m
[38;5;0m[HTTP][0m [90m{}[39m
[38;5;0m[HTTP][0m [37m<-- GET /wd/hub/session/e3402478-8b68-4603-a6c0-ccf6ecf10005 [39m[32m200[39m [90m25 ms - 339[39m
[38;5;0m[HTTP][0m [90m[39m
[38;5;0m[HTTP][0m [37m-->[39m [37mGET[39m [37m/wd/hub/status[39m
[38;5;0m[HTTP][0m [90m{}[39m
[38;5;0m[HTTP][0m [37m<-- GET /wd/hub/status [39m[32m200[39m [90m1 ms - 110[39m
[38;5;0m[HTTP][0m [90m[39m
[38;5;0m[HTTP][0m [37m-->[39m [37mPOST[39m [37m/wd/hub/session/e3402478-8b68-4603-a6c0-ccf6ecf10005/timeouts[39m
[38;5;0m[HTTP][0m [90m{"implicit":60000}[39m
[38;5;0m[HTTP][0m [37m<-- POST /wd/hub/session/e3402478-8b68-4603-a6c0-ccf6ecf10005/timeouts [39m[32m200[39m [90m3 ms - 14[39m
[38;5;0m[HTTP][0m [90m[39m
[38;5;0m[HTTP][0m [37m-->[39m [37mGET[39m [37m/wd/hub/session/e3402478-8b68-4603-a6c0-ccf6ecf10005/source[39m
[38;5;0m[HTTP][0m [90m{}[39m
[38;5;48m[AndroidUiautomator2Driver@e9b8 (e3402478)][0m Driver proxy active, passing request on via HTTP proxy
[38;5;48m[AndroidUiautomator2Driver@e9b8 (e3402478)][0m Replacing sessionId 54402de6-c0da-4b22-9dcc-290a43b42081 with e3402478-8b68-4603-a6c0-ccf6ecf10005
[38;5;0m[HTTP][0m [37m<-- GET /wd/hub/session/e3402478-8b68-4603-a6c0-ccf6ecf10005/source [39m[32m200[39m [90m606 ms - 3327[39m
[38;5;0m[HTTP][0m [90m[39m
[38;5;0m[HTTP][0m [37m-->[39m [37mGET[39m [37m/wd/hub/session/e3402478-8b68-4603-a6c0-ccf6ecf10005/screenshot[39m
[38;5;0m[HTTP][0m [90m{}[39m
[38;5;0m[HTTP][0m [37m<-- GET /wd/hub/session/e3402478-8b68-4603-a6c0-ccf6ecf10005/screenshot [39m[32m200[39m [90m816 ms - 81048[39m
[38;5;0m[HTTP][0m [90m[39m
[38;5;0m[HTTP][0m [37m-->[39m [37mGET[39m [37m/wd/hub/session/e3402478-8b68-4603-a6c0-ccf6ecf10005/context[39m
[38;5;0m[HTTP][0m [90m{}[39m
[38;5;0m[HTTP][0m [37m<-- GET /wd/hub/session/e3402478-8b68-4603-a6c0-ccf6ecf10005/context [39m[32m200[39m [90m4 ms - 22[39m
[38;5;0m[HTTP][0m [90m[39m
[38;5;0m[HTTP][0m [37m-->[39m [37mGET[39m [37m/wd/hub/session/e3402478-8b68-4603-a6c0-ccf6ecf10005/contexts[39m
[38;5;0m[HTTP][0m [90m{}[39m
[38;5;0m[HTTP][0m [37m<-- GET /wd/hub/session/e3402478-8b68-4603-a6c0-ccf6ecf10005/contexts [39m[32m200[39m [90m321 ms - 24[39m
[38;5;0m[HTTP][0m [90m[39m
[38;5;0m[HTTP][0m [37m-->[39m [37mPOST[39m [37m/wd/hub/session/e3402478-8b68-4603-a6c0-ccf6ecf10005/context[39m
[38;5;0m[HTTP][0m [90m{"name":"NATIVE_APP"}[39m
[38;5;0m[HTTP][0m [37m<-- POST /wd/hub/session/e3402478-8b68-4603-a6c0-ccf6ecf10005/context [39m[32m200[39m [90m3 ms - 14[39m
[38;5;0m[HTTP][0m [90m[39m
[38;5;0m[HTTP][0m [37m-->[39m [37mPOST[39m [37m/wd/hub/session/e3402478-8b68-4603-a6c0-ccf6ecf10005/appium/device/press_keycode[39m
[38;5;0m[HTTP][0m [90m{"keycode":4}[39m
[38;5;0m[HTTP][0m [37m<-- POST /wd/hub/session/e3402478-8b68-4603-a6c0-ccf6ecf10005/appium/device/press_keycode [39m[32m200[39m [90m132 ms - 14[39m
[38;5;0m[HTTP][0m [90m[39m
[38;5;0m[HTTP][0m [37m-->[39m [37mPOST[39m [37m/wd/hub/session/e3402478-8b68-4603-a6c0-ccf6ecf10005/context[39m
[38;5;0m[HTTP][0m [90m{"name":"NATIVE_APP"}[39m
[38;5;0m[HTTP][0m [37m<-- POST /wd/hub/session/e3402478-8b68-4603-a6c0-ccf6ecf10005/context [39m[32m200[39m [90m4 ms - 14[39m
[38;5;0m[HTTP][0m [90m[39m
[38;5;0m[HTTP][0m [37m-->[39m [37mGET[39m [37m/wd/hub/session/e3402478-8b68-4603-a6c0-ccf6ecf10005/source[39m
[38;5;0m[HTTP][0m [90m{}[39m
[38;5;48m[AndroidUiautomator2Driver@e9b8 (e3402478)][0m Driver proxy active, passing request on via HTTP proxy
[38;5;48m[AndroidUiautomator2Driver@e9b8 (e3402478)][0m Replacing sessionId 54402de6-c0da-4b22-9dcc-290a43b42081 with e3402478-8b68-4603-a6c0-ccf6ecf10005
[38;5;0m[HTTP][0m [37m<-- GET /wd/hub/session/e3402478-8b68-4603-a6c0-ccf6ecf10005/source [39m[32m200[39m [90m325 ms - 11390[39m
[38;5;0m[HTTP][0m [90m[39m
[38;5;0m[HTTP][0m [37m-->[39m [37mGET[39m [37m/wd/hub/session/e3402478-8b68-4603-a6c0-ccf6ecf10005/screenshot[39m
[38;5;0m[HTTP][0m [90m{}[39m
[38;5;0m[HTTP][0m [37m<-- GET /wd/hub/session/e3402478-8b68-4603-a6c0-ccf6ecf10005/screenshot [39m[32m200[39m [90m1413 ms - 703460[39m
[38;5;0m[HTTP][0m [90m[39m
[38;5;0m[HTTP][0m [37m-->[39m [37mPOST[39m [37m/wd/hub/session/e3402478-8b68-4603-a6c0-ccf6ecf10005/elements[39m
[38;5;0m[HTTP][0m [90m{"using":"xpath","value":"//*[@class = 'android.widget.Spinner' and @resource-id = 'com.androidsample.generalstore:id/spinnerCountry' and (@text = '' or . = '')]"}[39m
[38;5;0m[HTTP][0m [37m<-- POST /wd/hub/session/e3402478-8b68-4603-a6c0-ccf6ecf10005/elements [39m[32m200[39m [90m1358 ms - 139[39m
[38;5;0m[HTTP][0m [90m[39m
[38;5;0m[HTTP][0m [37m-->[39m [37mGET[39m [37m/wd/hub/session/e3402478-8b68-4603-a6c0-ccf6ecf10005/window/rect[39m
[38;5;0m[HTTP][0m [90m{}[39m
[38;5;0m[HTTP][0m [37m<-- GET /wd/hub/session/e3402478-8b68-4603-a6c0-ccf6ecf10005/window/rect [39m[32m200[39m [90m40 ms - 50[39m
[38;5;0m[HTTP][0m [90m[39m
[38;5;0m[HTTP][0m [37m-->[39m [37mPOST[39m [37m/wd/hub/session/e3402478-8b68-4603-a6c0-ccf6ecf10005/elements[39m
[38;5;0m[HTTP][0m [90m{"using":"xpath","value":"//*[@class = 'android.widget.Spinner' and @resource-id = 'com.androidsample.generalstore:id/spinnerCountry' and (@text = '' or . = '')]"}[39m
[38;5;0m[HTTP][0m [37m<-- POST /wd/hub/session/e3402478-8b68-4603-a6c0-ccf6ecf10005/elements [39m[32m200[39m [90m265 ms - 139[39m
[38;5;0m[HTTP][0m [90m[39m
[38;5;0m[HTTP][0m [37m-->[39m [37mGET[39m [37m/wd/hub/session/e3402478-8b68-4603-a6c0-ccf6ecf10005/element/00000000-0000-00e2-ffff-ffff00000007/location[39m
[38;5;0m[HTTP][0m [90m{}[39m
[38;5;48m[AndroidUiautomator2Driver@e9b8 (e3402478)][0m Driver proxy active, passing request on via HTTP proxy
[38;5;48m[AndroidUiautomator2Driver@e9b8 (e3402478)][0m Replacing sessionId 54402de6-c0da-4b22-9dcc-290a43b42081 with e3402478-8b68-4603-a6c0-ccf6ecf10005
[38;5;0m[HTTP][0m [37m<-- GET /wd/hub/session/e3402478-8b68-4603-a6c0-ccf6ecf10005/element/00000000-0000-00e2-ffff-ffff00000007/location [39m[32m200[39m [90m57 ms - 78[39m
[38;5;0m[HTTP][0m [90m[39m
[38;5;0m[HTTP][0m [37m-->[39m [37mPOST[39m [37m/wd/hub/session/e3402478-8b68-4603-a6c0-ccf6ecf10005/touch/perform[39m
[38;5;0m[HTTP][0m [90m{"actions":[{"action":"longPress","options":{"element":"00000000-0000-00e2-ffff-ffff00000007"}},{"action":"release","options":{}}]}[39m
[38;5;0m[HTTP][0m [37m<-- POST /wd/hub/session/e3402478-8b68-4603-a6c0-ccf6ecf10005/touch/perform [39m[32m200[39m [90m2691 ms - 14[39m
[38;5;0m[HTTP][0m [90m[39m
[38;5;0m[HTTP][0m [37m-->[39m [37mGET[39m [37m/wd/hub/session/e3402478-8b68-4603-a6c0-ccf6ecf10005/source[39m
[38;5;0m[HTTP][0m [90m{}[39m
[38;5;48m[AndroidUiautomator2Driver@e9b8 (e3402478)][0m Driver proxy active, passing request on via HTTP proxy
[38;5;48m[AndroidUiautomator2Driver@e9b8 (e3402478)][0m Replacing sessionId 54402de6-c0da-4b22-9dcc-290a43b42081 with e3402478-8b68-4603-a6c0-ccf6ecf10005
[38;5;0m[HTTP][0m [37m<-- GET /wd/hub/session/e3402478-8b68-4603-a6c0-ccf6ecf10005/source [39m[32m200[39m [90m156 ms - 4465[39m
[38;5;0m[HTTP][0m [90m[39m
[38;5;0m[HTTP][0m [37m-->[39m [37mGET[39m [37m/wd/hub/session/e3402478-8b68-4603-a6c0-ccf6ecf10005/screenshot[39m
[38;5;0m[HTTP][0m [90m{}[39m
[38;5;0m[HTTP][0m [37m<-- GET /wd/hub/session/e3402478-8b68-4603-a6c0-ccf6ecf10005/screenshot [39m[32m200[39m [90m1365 ms - 694768[39m
[38;5;0m[HTTP][0m [90m[39m
[38;5;0m[HTTP][0m [37m-->[39m [37mPOST[39m [37m/wd/hub/session/e3402478-8b68-4603-a6c0-ccf6ecf10005/elements[39m
[38;5;0m[HTTP][0m [90m{"using":"xpath","value":"//*[@class = 'android.widget.TextView' and (@text = 'Andorra' or . = 'Andorra') and @resource-id = 'android:id/text1']"}[39m
[38;5;0m[HTTP][0m [37m<-- POST /wd/hub/session/e3402478-8b68-4603-a6c0-ccf6ecf10005/elements [39m[32m200[39m [90m175 ms - 139[39m
[38;5;0m[HTTP][0m [90m[39m
[38;5;0m[HTTP][0m [37m-->[39m [37mGET[39m [37m/wd/hub/session/e3402478-8b68-4603-a6c0-ccf6ecf10005/window/rect[39m
[38;5;0m[HTTP][0m [90m{}[39m
[38;5;0m[HTTP][0m [37m<-- GET /wd/hub/session/e3402478-8b68-4603-a6c0-ccf6ecf10005/window/rect [39m[32m200[39m [90m23 ms - 50[39m
[38;5;0m[HTTP][0m [90m[39m
[38;5;0m[HTTP][0m [37m-->[39m [37mPOST[39m [37m/wd/hub/session/e3402478-8b68-4603-a6c0-ccf6ecf10005/elements[39m
[38;5;0m[HTTP][0m [90m{"using":"xpath","value":"//*[@class = 'android.widget.TextView' and (@text = 'Andorra' or . = 'Andorra') and @resource-id = 'android:id/text1']"}[39m
[38;5;0m[HTTP][0m [37m<-- POST /wd/hub/session/e3402478-8b68-4603-a6c0-ccf6ecf10005/elements [39m[32m200[39m [90m171 ms - 139[39m
[38;5;0m[HTTP][0m [90m[39m
[38;5;0m[HTTP][0m [37m-->[39m [37mGET[39m [37m/wd/hub/session/e3402478-8b68-4603-a6c0-ccf6ecf10005/element/00000000-0000-00e4-ffff-ffff0000002c/location[39m
[38;5;0m[HTTP][0m [90m{}[39m
[38;5;48m[AndroidUiautomator2Driver@e9b8 (e3402478)][0m Driver proxy active, passing request on via HTTP proxy
[38;5;48m[AndroidUiautomator2Driver@e9b8 (e3402478)][0m Replacing sessionId 54402de6-c0da-4b22-9dcc-290a43b42081 with e3402478-8b68-4603-a6c0-ccf6ecf10005
[38;5;0m[HTTP][0m [37m<-- GET /wd/hub/session/e3402478-8b68-4603-a6c0-ccf6ecf10005/element/00000000-0000-00e4-ffff-ffff0000002c/location [39m[32m200[39m [90m57 ms - 79[39m
[38;5;0m[HTTP][0m [90m[39m
[38;5;0m[HTTP][0m [37m-->[39m [37mPOST[39m [37m/wd/hub/session/e3402478-8b68-4603-a6c0-ccf6ecf10005/element/00000000-0000-00e4-ffff-ffff0000002c/click[39m
[38;5;0m[HTTP][0m [90m{"id":"00000000-0000-00e4-ffff-ffff0000002c"}[39m
[38;5;0m[HTTP][0m [37m<-- POST /wd/hub/session/e3402478-8b68-4603-a6c0-ccf6ecf10005/element/00000000-0000-00e4-ffff-ffff0000002c/click [39m[32m200[39m [90m719 ms - 14[39m
[38;5;0m[HTTP][0m [90m[39m
[38;5;0m[HTTP][0m [37m-->[39m [37mGET[39m [37m/wd/hub/session/e3402478-8b68-4603-a6c0-ccf6ecf10005/source[39m
[38;5;0m[HTTP][0m [90m{}[39m
[38;5;48m[AndroidUiautomator2Driver@e9b8 (e3402478)][0m Driver proxy active, passing request on via HTTP proxy
[38;5;48m[AndroidUiautomator2Driver@e9b8 (e3402478)][0m Replacing sessionId 54402de6-c0da-4b22-9dcc-290a43b42081 with e3402478-8b68-4603-a6c0-ccf6ecf10005
[38;5;0m[HTTP][0m [37m<-- GET /wd/hub/session/e3402478-8b68-4603-a6c0-ccf6ecf10005/source [39m[32m200[39m [90m224 ms - 11079[39m
[38;5;0m[HTTP][0m [90m[39m
[38;5;0m[HTTP][0m [37m-->[39m [37mGET[39m [37m/wd/hub/session/e3402478-8b68-4603-a6c0-ccf6ecf10005/screenshot[39m
[38;5;0m[HTTP][0m [90m{}[39m
[38;5;0m[HTTP][0m [37m<-- GET /wd/hub/session/e3402478-8b68-4603-a6c0-ccf6ecf10005/screenshot [39m[32m200[39m [90m1517 ms - 684464[39m
[38;5;0m[HTTP][0m [90m[39m
[38;5;0m[HTTP][0m [37m-->[39m [37mPOST[39m [37m/wd/hub/session/e3402478-8b68-4603-a6c0-ccf6ecf10005/elements[39m
[38;5;0m[HTTP][0m [90m{"using":"xpath","value":"//*[@class = 'android.widget.EditText' and (@text = 'Enter name here' or . = 'Enter name here') and @resource-id = 'com.androidsample.generalstore:id/nameField']"}[39m
[38;5;0m[HTTP][0m [37m<-- POST /wd/hub/session/e3402478-8b68-4603-a6c0-ccf6ecf10005/elements [39m[32m200[39m [90m399 ms - 139[39m
[38;5;0m[HTTP][0m [90m[39m
[38;5;0m[HTTP][0m [37m-->[39m [37mGET[39m [37m/wd/hub/session/e3402478-8b68-4603-a6c0-ccf6ecf10005/window/rect[39m
[38;5;0m[HTTP][0m [90m{}[39m
[38;5;0m[HTTP][0m [37m<-- GET /wd/hub/session/e3402478-8b68-4603-a6c0-ccf6ecf10005/window/rect [39m[32m200[39m [90m23 ms - 50[39m
[38;5;0m[HTTP][0m [90m[39m
[38;5;0m[HTTP][0m [37m-->[39m [37mPOST[39m [37m/wd/hub/session/e3402478-8b68-4603-a6c0-ccf6ecf10005/elements[39m
[38;5;0m[HTTP][0m [90m{"using":"xpath","value":"//*[@class = 'android.widget.EditText' and (@text = 'Enter name here' or . = 'Enter name here') and @resource-id = 'com.androidsample.generalstore:id/nameField']"}[39m
[38;5;0m[HTTP][0m [37m<-- POST /wd/hub/session/e3402478-8b68-4603-a6c0-ccf6ecf10005/elements [39m[32m200[39m [90m240 ms - 139[39m
[38;5;0m[HTTP][0m [90m[39m
[38;5;0m[HTTP][0m [37m-->[39m [37mGET[39m [37m/wd/hub/session/e3402478-8b68-4603-a6c0-ccf6ecf10005/element/00000000-0000-00e2-ffff-ffff0000001c/location[39m
[38;5;0m[HTTP][0m [90m{}[39m
[38;5;48m[AndroidUiautomator2Driver@e9b8 (e3402478)][0m Driver proxy active, passing request on via HTTP proxy
[38;5;48m[AndroidUiautomator2Driver@e9b8 (e3402478)][0m Replacing sessionId 54402de6-c0da-4b22-9dcc-290a43b42081 with e3402478-8b68-4603-a6c0-ccf6ecf10005
[38;5;0m[HTTP][0m [37m<-- GET /wd/hub/session/e3402478-8b68-4603-a6c0-ccf6ecf10005/element/00000000-0000-00e2-ffff-ffff0000001c/location [39m[32m200[39m [90m38 ms - 79[39m
[38;5;0m[HTTP][0m [90m[39m
[38;5;0m[HTTP][0m [37m-->[39m [37mPOST[39m [37m/wd/hub/session/e3402478-8b68-4603-a6c0-ccf6ecf10005/element/00000000-0000-00e2-ffff-ffff0000001c/click[39m
[38;5;0m[HTTP][0m [90m{"id":"00000000-0000-00e2-ffff-ffff0000001c"}[39m
[38;5;0m[HTTP][0m [37m<-- POST /wd/hub/session/e3402478-8b68-4603-a6c0-ccf6ecf10005/element/00000000-0000-00e2-ffff-ffff0000001c/click [39m[32m200[39m [90m114 ms - 14[39m
[38;5;0m[HTTP][0m [90m[39m
[38;5;0m[HTTP][0m [37m-->[39m [37mGET[39m [37m/wd/hub/session/e3402478-8b68-4603-a6c0-ccf6ecf10005/source[39m
[38;5;0m[HTTP][0m [90m{}[39m
[38;5;48m[AndroidUiautomator2Driver@e9b8 (e3402478)][0m Driver proxy active, passing request on via HTTP proxy
[38;5;48m[AndroidUiautomator2Driver@e9b8 (e3402478)][0m Replacing sessionId 54402de6-c0da-4b22-9dcc-290a43b42081 with e3402478-8b68-4603-a6c0-ccf6ecf10005
[38;5;0m[HTTP][0m [37m<-- GET /wd/hub/session/e3402478-8b68-4603-a6c0-ccf6ecf10005/source [39m[32m200[39m [90m714 ms - 6888[39m
[38;5;0m[HTTP][0m [90m[39m
[38;5;0m[HTTP][0m [37m-->[39m [37mGET[39m [37m/wd/hub/session/e3402478-8b68-4603-a6c0-ccf6ecf10005/screenshot[39m
[38;5;0m[HTTP][0m [90m{}[39m
[38;5;0m[HTTP][0m [37m<-- GET /wd/hub/session/e3402478-8b68-4603-a6c0-ccf6ecf10005/screenshot [39m[32m200[39m [90m1255 ms - 713652[39m
[38;5;0m[HTTP][0m [90m[39m
[38;5;0m[HTTP][0m [37m-->[39m [37mGET[39m [37m/wd/hub/session/e3402478-8b68-4603-a6c0-ccf6ecf10005/window/rect[39m
[38;5;0m[HTTP][0m [90m{}[39m
[38;5;0m[HTTP][0m [37m<-- GET /wd/hub/session/e3402478-8b68-4603-a6c0-ccf6ecf10005/window/rect [39m[32m200[39m [90m53 ms - 50[39m
[38;5;0m[HTTP][0m [90m[39m
[38;5;0m[HTTP][0m [37m-->[39m [37mPOST[39m [37m/wd/hub/session/e3402478-8b68-4603-a6c0-ccf6ecf10005/elements[39m
[38;5;0m[HTTP][0m [90m{"using":"xpath","value":"//*[@class = 'android.widget.EditText' and (@text = 'Enter name here' or . = 'Enter name here') and @resource-id = 'com.androidsample.generalstore:id/nameField']"}[39m
[38;5;0m[HTTP][0m [37m<-- POST /wd/hub/session/e3402478-8b68-4603-a6c0-ccf6ecf10005/elements [39m[32m200[39m [90m219 ms - 139[39m
[38;5;0m[HTTP][0m [90m[39m
[38;5;0m[HTTP][0m [37m-->[39m [37mGET[39m [37m/wd/hub/session/e3402478-8b68-4603-a6c0-ccf6ecf10005/element/00000000-0000-00e2-ffff-ffff0000001c/location[39m
[38;5;0m[HTTP][0m [90m{}[39m
[38;5;48m[AndroidUiautomator2Driver@e9b8 (e3402478)][0m Driver proxy active, passing request on via HTTP proxy
[38;5;48m[AndroidUiautomator2Driver@e9b8 (e3402478)][0m Replacing sessionId 54402de6-c0da-4b22-9dcc-290a43b42081 with e3402478-8b68-4603-a6c0-ccf6ecf10005
[38;5;0m[HTTP][0m [37m<-- GET /wd/hub/session/e3402478-8b68-4603-a6c0-ccf6ecf10005/element/00000000-0000-00e2-ffff-ffff0000001c/location [39m[32m200[39m [90m28 ms - 78[39m
[38;5;0m[HTTP][0m [90m[39m
[38;5;0m[HTTP][0m [37m-->[39m [37mPOST[39m [37m/wd/hub/session/e3402478-8b68-4603-a6c0-ccf6ecf10005/element/00000000-0000-00e2-ffff-ffff0000001c/value[39m
[38;5;0m[HTTP][0m [90m{"id":"00000000-0000-00e2-ffff-ffff0000001c","text":"Mazen","value":["M","a","z","e","n"]}[39m
[38;5;0m[HTTP][0m [37m<-- POST /wd/hub/session/e3402478-8b68-4603-a6c0-ccf6ecf10005/element/00000000-0000-00e2-ffff-ffff0000001c/value [39m[32m200[39m [90m657 ms - 14[39m
[38;5;0m[HTTP][0m [90m[39m
[38;5;0m[HTTP][0m [37m-->[39m [37mGET[39m [37m/wd/hub/session/e3402478-8b68-4603-a6c0-ccf6ecf10005/source[39m
[38;5;0m[HTTP][0m [90m{}[39m
[38;5;48m[AndroidUiautomator2Driver@e9b8 (e3402478)][0m Driver proxy active, passing request on via HTTP proxy
[38;5;48m[AndroidUiautomator2Driver@e9b8 (e3402478)][0m Replacing sessionId 54402de6-c0da-4b22-9dcc-290a43b42081 with e3402478-8b68-4603-a6c0-ccf6ecf10005
[38;5;0m[HTTP][0m [37m<-- GET /wd/hub/session/e3402478-8b68-4603-a6c0-ccf6ecf10005/source [39m[32m200[39m [90m369 ms - 6878[39m
[38;5;0m[HTTP][0m [90m[39m
[38;5;0m[HTTP][0m [37m-->[39m [37mGET[39m [37m/wd/hub/session/e3402478-8b68-4603-a6c0-ccf6ecf10005/screenshot[39m
[38;5;0m[HTTP][0m [90m{}[39m
[38;5;0m[HTTP][0m [37m<-- GET /wd/hub/session/e3402478-8b68-4603-a6c0-ccf6ecf10005/screenshot [39m[32m200[39m [90m1322 ms - 717144[39m
[38;5;0m[HTTP][0m [90m[39m
[38;5;0m[HTTP][0m [37m-->[39m [37mGET[39m [37m/wd/hub/session/e3402478-8b68-4603-a6c0-ccf6ecf10005/context[39m
[38;5;0m[HTTP][0m [90m{}[39m
[38;5;0m[HTTP][0m [37m<-- GET /wd/hub/session/e3402478-8b68-4603-a6c0-ccf6ecf10005/context [39m[32m200[39m [90m2 ms - 22[39m
[38;5;0m[HTTP][0m [90m[39m
[38;5;0m[HTTP][0m [37m-->[39m [37mGET[39m [37m/wd/hub/session/e3402478-8b68-4603-a6c0-ccf6ecf10005/contexts[39m
[38;5;0m[HTTP][0m [90m{}[39m
[38;5;0m[HTTP][0m [37m<-- GET /wd/hub/session/e3402478-8b68-4603-a6c0-ccf6ecf10005/contexts [39m[32m200[39m [90m308 ms - 24[39m
[38;5;0m[HTTP][0m [90m[39m
[38;5;0m[HTTP][0m [37m-->[39m [37mPOST[39m [37m/wd/hub/session/e3402478-8b68-4603-a6c0-ccf6ecf10005/context[39m
[38;5;0m[HTTP][0m [90m{"name":"NATIVE_APP"}[39m
[38;5;0m[HTTP][0m [37m<-- POST /wd/hub/session/e3402478-8b68-4603-a6c0-ccf6ecf10005/context [39m[32m200[39m [90m1 ms - 14[39m
[38;5;0m[HTTP][0m [90m[39m
[38;5;0m[HTTP][0m [37m-->[39m [37mPOST[39m [37m/wd/hub/session/e3402478-8b68-4603-a6c0-ccf6ecf10005/appium/device/press_keycode[39m
[38;5;0m[HTTP][0m [90m{"keycode":4}[39m
[38;5;0m[HTTP][0m [37m<-- POST /wd/hub/session/e3402478-8b68-4603-a6c0-ccf6ecf10005/appium/device/press_keycode [39m[32m200[39m [90m109 ms - 14[39m
[38;5;0m[HTTP][0m [90m[39m
[38;5;0m[HTTP][0m [37m-->[39m [37mPOST[39m [37m/wd/hub/session/e3402478-8b68-4603-a6c0-ccf6ecf10005/context[39m
[38;5;0m[HTTP][0m [90m{"name":"NATIVE_APP"}[39m
[38;5;0m[HTTP][0m [37m<-- POST /wd/hub/session/e3402478-8b68-4603-a6c0-ccf6ecf10005/context [39m[32m200[39m [90m1 ms - 14[39m
[38;5;0m[HTTP][0m [90m[39m
[38;5;0m[HTTP][0m [37m-->[39m [37mGET[39m [37m/wd/hub/session/e3402478-8b68-4603-a6c0-ccf6ecf10005/source[39m
[38;5;0m[HTTP][0m [90m{}[39m
[38;5;48m[AndroidUiautomator2Driver@e9b8 (e3402478)][0m Driver proxy active, passing request on via HTTP proxy
[38;5;48m[AndroidUiautomator2Driver@e9b8 (e3402478)][0m Replacing sessionId 54402de6-c0da-4b22-9dcc-290a43b42081 with e3402478-8b68-4603-a6c0-ccf6ecf10005
[38;5;0m[HTTP][0m [37m<-- GET /wd/hub/session/e3402478-8b68-4603-a6c0-ccf6ecf10005/source [39m[32m200[39m [90m150 ms - 11375[39m
[38;5;0m[HTTP][0m [90m[39m
[38;5;0m[HTTP][0m [37m-->[39m [37mGET[39m [37m/wd/hub/session/e3402478-8b68-4603-a6c0-ccf6ecf10005/screenshot[39m
[38;5;0m[HTTP][0m [90m{}[39m
[38;5;0m[HTTP][0m [37m<-- GET /wd/hub/session/e3402478-8b68-4603-a6c0-ccf6ecf10005/screenshot [39m[32m200[39m [90m1335 ms - 700376[39m
[38;5;0m[HTTP][0m [90m[39m
[38;5;0m[HTTP][0m [37m-->[39m [37mPOST[39m [37m/wd/hub/session/e3402478-8b68-4603-a6c0-ccf6ecf10005/elements[39m
[38;5;0m[HTTP][0m [90m{"using":"xpath","value":"//*[@class = 'android.widget.RadioButton' and (@text = 'Male' or . = 'Male') and @resource-id = 'com.androidsample.generalstore:id/radioMale']"}[39m
[38;5;0m[HTTP][0m [37m<-- POST /wd/hub/session/e3402478-8b68-4603-a6c0-ccf6ecf10005/elements [39m[32m200[39m [90m251 ms - 139[39m
[38;5;0m[HTTP][0m [90m[39m
[38;5;0m[HTTP][0m [37m-->[39m [37mGET[39m [37m/wd/hub/session/e3402478-8b68-4603-a6c0-ccf6ecf10005/window/rect[39m
[38;5;0m[HTTP][0m [90m{}[39m
[38;5;0m[HTTP][0m [37m<-- GET /wd/hub/session/e3402478-8b68-4603-a6c0-ccf6ecf10005/window/rect [39m[32m200[39m [90m19 ms - 50[39m
[38;5;0m[HTTP][0m [90m[39m
[38;5;0m[HTTP][0m [37m-->[39m [37mPOST[39m [37m/wd/hub/session/e3402478-8b68-4603-a6c0-ccf6ecf10005/elements[39m
[38;5;0m[HTTP][0m [90m{"using":"xpath","value":"//*[@class = 'android.widget.RadioButton' and (@text = 'Male' or . = 'Male') and @resource-id = 'com.androidsample.generalstore:id/radioMale']"}[39m
[38;5;0m[HTTP][0m [37m<-- POST /wd/hub/session/e3402478-8b68-4603-a6c0-ccf6ecf10005/elements [39m[32m200[39m [90m166 ms - 139[39m
[38;5;0m[HTTP][0m [90m[39m
[38;5;0m[HTTP][0m [37m-->[39m [37mGET[39m [37m/wd/hub/session/e3402478-8b68-4603-a6c0-ccf6ecf10005/element/00000000-0000-00e2-ffff-ffff00000021/location[39m
[38;5;0m[HTTP][0m [90m{}[39m
[38;5;48m[AndroidUiautomator2Driver@e9b8 (e3402478)][0m Driver proxy active, passing request on via HTTP proxy
[38;5;48m[AndroidUiautomator2Driver@e9b8 (e3402478)][0m Replacing sessionId 54402de6-c0da-4b22-9dcc-290a43b42081 with e3402478-8b68-4603-a6c0-ccf6ecf10005
[38;5;0m[HTTP][0m [37m<-- GET /wd/hub/session/e3402478-8b68-4603-a6c0-ccf6ecf10005/element/00000000-0000-00e2-ffff-ffff00000021/location [39m[32m200[39m [90m39 ms - 79[39m
[38;5;0m[HTTP][0m [90m[39m
[38;5;0m[HTTP][0m [37m-->[39m [37mPOST[39m [37m/wd/hub/session/e3402478-8b68-4603-a6c0-ccf6ecf10005/element/00000000-0000-00e2-ffff-ffff00000021/click[39m
[38;5;0m[HTTP][0m [90m{"id":"00000000-0000-00e2-ffff-ffff00000021"}[39m
[38;5;0m[HTTP][0m [37m<-- POST /wd/hub/session/e3402478-8b68-4603-a6c0-ccf6ecf10005/element/00000000-0000-00e2-ffff-ffff00000021/click [39m[32m200[39m [90m82 ms - 14[39m
[38;5;0m[HTTP][0m [90m[39m
[38;5;0m[HTTP][0m [37m-->[39m [37mGET[39m [37m/wd/hub/session/e3402478-8b68-4603-a6c0-ccf6ecf10005/source[39m
[38;5;0m[HTTP][0m [90m{}[39m
[38;5;48m[AndroidUiautomator2Driver@e9b8 (e3402478)][0m Driver proxy active, passing request on via HTTP proxy
[38;5;48m[AndroidUiautomator2Driver@e9b8 (e3402478)][0m Replacing sessionId 54402de6-c0da-4b22-9dcc-290a43b42081 with e3402478-8b68-4603-a6c0-ccf6ecf10005
[38;5;0m[HTTP][0m [37m<-- GET /wd/hub/session/e3402478-8b68-4603-a6c0-ccf6ecf10005/source [39m[32m200[39m [90m154 ms - 11068[39m
[38;5;0m[HTTP][0m [90m[39m
[38;5;0m[HTTP][0m [37m-->[39m [37mGET[39m [37m/wd/hub/session/e3402478-8b68-4603-a6c0-ccf6ecf10005/screenshot[39m
[38;5;0m[HTTP][0m [90m{}[39m
[38;5;0m[HTTP][0m [37m<-- GET /wd/hub/session/e3402478-8b68-4603-a6c0-ccf6ecf10005/screenshot [39m[32m200[39m [90m1253 ms - 684568[39m
[38;5;0m[HTTP][0m [90m[39m
[38;5;0m[HTTP][0m [37m-->[39m [37mPOST[39m [37m/wd/hub/session/e3402478-8b68-4603-a6c0-ccf6ecf10005/elements[39m
[38;5;0m[HTTP][0m [90m{"using":"xpath","value":"//*[@class = 'android.widget.Button' and (@text = concat(\"Let\" , \"'\" , \"s  Shop\") or . = concat(\"Let\" , \"'\" , \"s  Shop\")) and @resource-id = 'com.androidsample.generalstore:id/btnLetsShop']"}[39m
[38;5;0m[HTTP][0m [37m<-- POST /wd/hub/session/e3402478-8b68-4603-a6c0-ccf6ecf10005/elements [39m[32m200[39m [90m202 ms - 139[39m
[38;5;0m[HTTP][0m [90m[39m
[38;5;0m[HTTP][0m [37m-->[39m [37mGET[39m [37m/wd/hub/session/e3402478-8b68-4603-a6c0-ccf6ecf10005/window/rect[39m
[38;5;0m[HTTP][0m [90m{}[39m
[38;5;0m[HTTP][0m [37m<-- GET /wd/hub/session/e3402478-8b68-4603-a6c0-ccf6ecf10005/window/rect [39m[32m200[39m [90m19 ms - 50[39m
[38;5;0m[HTTP][0m [90m[39m
[38;5;0m[HTTP][0m [37m-->[39m [37mPOST[39m [37m/wd/hub/session/e3402478-8b68-4603-a6c0-ccf6ecf10005/elements[39m
[38;5;0m[HTTP][0m [90m{"using":"xpath","value":"//*[@class = 'android.widget.Button' and (@text = concat(\"Let\" , \"'\" , \"s  Shop\") or . = concat(\"Let\" , \"'\" , \"s  Shop\")) and @resource-id = 'com.androidsample.generalstore:id/btnLetsShop']"}[39m
[38;5;0m[HTTP][0m [37m<-- POST /wd/hub/session/e3402478-8b68-4603-a6c0-ccf6ecf10005/elements [39m[32m200[39m [90m165 ms - 139[39m
[38;5;0m[HTTP][0m [90m[39m
[38;5;0m[HTTP][0m [37m-->[39m [37mGET[39m [37m/wd/hub/session/e3402478-8b68-4603-a6c0-ccf6ecf10005/element/00000000-0000-00e2-ffff-ffff0000001f/location[39m
[38;5;0m[HTTP][0m [90m{}[39m
[38;5;48m[AndroidUiautomator2Driver@e9b8 (e3402478)][0m Driver proxy active, passing request on via HTTP proxy
[38;5;48m[AndroidUiautomator2Driver@e9b8 (e3402478)][0m Replacing sessionId 54402de6-c0da-4b22-9dcc-290a43b42081 with e3402478-8b68-4603-a6c0-ccf6ecf10005
[38;5;0m[HTTP][0m [37m<-- GET /wd/hub/session/e3402478-8b68-4603-a6c0-ccf6ecf10005/element/00000000-0000-00e2-ffff-ffff0000001f/location [39m[32m200[39m [90m37 ms - 79[39m
[38;5;0m[HTTP][0m [90m[39m
[38;5;0m[HTTP][0m [37m-->[39m [37mPOST[39m [37m/wd/hub/session/e3402478-8b68-4603-a6c0-ccf6ecf10005/element/00000000-0000-00e2-ffff-ffff0000001f/click[39m
[38;5;0m[HTTP][0m [90m{"id":"00000000-0000-00e2-ffff-ffff0000001f"}[39m
[38;5;0m[HTTP][0m [37m<-- POST /wd/hub/session/e3402478-8b68-4603-a6c0-ccf6ecf10005/element/00000000-0000-00e2-ffff-ffff0000001f/click [39m[32m200[39m [90m97 ms - 14[39m
[38;5;0m[HTTP][0m [90m[39m
[38;5;0m[HTTP][0m [37m-->[39m [37mGET[39m [37m/wd/hub/session/e3402478-8b68-4603-a6c0-ccf6ecf10005/source[39m
[38;5;0m[HTTP][0m [90m{}[39m
[38;5;48m[AndroidUiautomator2Driver@e9b8 (e3402478)][0m Driver proxy active, passing request on via HTTP proxy
[38;5;48m[AndroidUiautomator2Driver@e9b8 (e3402478)][0m Replacing sessionId 54402de6-c0da-4b22-9dcc-290a43b42081 with e3402478-8b68-4603-a6c0-ccf6ecf10005
[38;5;0m[HTTP][0m [37m<-- GET /wd/hub/session/e3402478-8b68-4603-a6c0-ccf6ecf10005/source [39m[32m200[39m [90m746 ms - 15870[39m
[38;5;0m[HTTP][0m [90m[39m
[38;5;0m[HTTP][0m [37m-->[39m [37mGET[39m [37m/wd/hub/session/e3402478-8b68-4603-a6c0-ccf6ecf10005/screenshot[39m
[38;5;0m[HTTP][0m [90m{}[39m
[38;5;0m[HTTP][0m [37m<-- GET /wd/hub/session/e3402478-8b68-4603-a6c0-ccf6ecf10005/screenshot [39m[32m200[39m [90m1083 ms - 381568[39m
[38;5;0m[HTTP][0m [90m[39m
[38;5;0m[HTTP][0m [37m-->[39m [37mPOST[39m [37m/wd/hub/session/e3402478-8b68-4603-a6c0-ccf6ecf10005/elements[39m
[38;5;0m[HTTP][0m [90m{"using":"xpath","value":"//*[@class = 'android.widget.TextView' and (@text = 'ADD TO CART' or . = 'ADD TO CART') and @resource-id = 'com.androidsample.generalstore:id/productAddCart']"}[39m
[38;5;0m[HTTP][0m [37m<-- POST /wd/hub/session/e3402478-8b68-4603-a6c0-ccf6ecf10005/elements [39m[32m200[39m [90m258 ms - 267[39m
[38;5;0m[HTTP][0m [90m[39m
[38;5;0m[HTTP][0m [37m-->[39m [37mPOST[39m [37m/wd/hub/session/e3402478-8b68-4603-a6c0-ccf6ecf10005/elements[39m
[38;5;0m[HTTP][0m [90m{"using":"id","value":"com.androidsample.generalstore:id/productAddCart"}[39m
[38;5;0m[HTTP][0m [37m<-- POST /wd/hub/session/e3402478-8b68-4603-a6c0-ccf6ecf10005/elements [39m[32m200[39m [90m87 ms - 267[39m
[38;5;0m[HTTP][0m [90m[39m
[38;5;0m[HTTP][0m [37m-->[39m [37mPOST[39m [37m/wd/hub/session/e3402478-8b68-4603-a6c0-ccf6ecf10005/elements[39m
[38;5;0m[HTTP][0m [90m{"using":"-android uiautomator","value":"new UiSelector().className(\"android.widget.TextView\").text(\"ADD TO CART\").resourceId(\"com.androidsample.generalstore:id/productAddCart\")"}[39m
[38;5;0m[HTTP][0m [37m<-- POST /wd/hub/session/e3402478-8b68-4603-a6c0-ccf6ecf10005/elements [39m[32m200[39m [90m167 ms - 267[39m
[38;5;0m[HTTP][0m [90m[39m
[38;5;0m[HTTP][0m [37m-->[39m [37mGET[39m [37m/wd/hub/session/e3402478-8b68-4603-a6c0-ccf6ecf10005/window/rect[39m
[38;5;0m[HTTP][0m [90m{}[39m
[38;5;0m[HTTP][0m [37m<-- GET /wd/hub/session/e3402478-8b68-4603-a6c0-ccf6ecf10005/window/rect [39m[32m200[39m [90m28 ms - 50[39m
[38;5;0m[HTTP][0m [90m[39m
[38;5;0m[HTTP][0m [37m-->[39m [37mPOST[39m [37m/wd/hub/session/e3402478-8b68-4603-a6c0-ccf6ecf10005/elements[39m
[38;5;0m[HTTP][0m [90m{"using":"xpath","value":"//hierarchy/android.widget.FrameLayout[1]/android.widget.LinearLayout[1]/android.widget.FrameLayout[1]/android.widget.LinearLayout[1]/android.widget.FrameLayout[1]/android.view.ViewGroup[1]/android.widget.RelativeLayout[1]/android.widget.FrameLayout[1]/android.support.v7.widget.RecyclerView[1]/android.widget.RelativeLayout[1]/android.widget.LinearLayout[1]/android.widget.LinearLayout[2]/android.widget.TextView[2]"}[39m
[38;5;0m[HTTP][0m [37m<-- POST /wd/hub/session/e3402478-8b68-4603-a6c0-ccf6ecf10005/elements [39m[32m200[39m [90m154 ms - 139[39m
[38;5;0m[HTTP][0m [90m[39m
[38;5;0m[HTTP][0m [37m-->[39m [37mGET[39m [37m/wd/hub/session/e3402478-8b68-4603-a6c0-ccf6ecf10005/element/00000000-0000-00e6-ffff-ffff0000004e/location[39m
[38;5;0m[HTTP][0m [90m{}[39m
[38;5;48m[AndroidUiautomator2Driver@e9b8 (e3402478)][0m Driver proxy active, passing request on via HTTP proxy
[38;5;48m[AndroidUiautomator2Driver@e9b8 (e3402478)][0m Replacing sessionId 54402de6-c0da-4b22-9dcc-290a43b42081 with e3402478-8b68-4603-a6c0-ccf6ecf10005
[38;5;0m[HTTP][0m [37m<-- GET /wd/hub/session/e3402478-8b68-4603-a6c0-ccf6ecf10005/element/00000000-0000-00e6-ffff-ffff0000004e/location [39m[32m200[39m [90m39 ms - 79[39m
[38;5;0m[HTTP][0m [90m[39m
[38;5;0m[HTTP][0m [37m-->[39m [37mPOST[39m [37m/wd/hub/session/e3402478-8b68-4603-a6c0-ccf6ecf10005/element/00000000-0000-00e6-ffff-ffff0000004e/click[39m
[38;5;0m[HTTP][0m [90m{"id":"00000000-0000-00e6-ffff-ffff0000004e"}[39m
[38;5;0m[HTTP][0m [37m<-- POST /wd/hub/session/e3402478-8b68-4603-a6c0-ccf6ecf10005/element/00000000-0000-00e6-ffff-ffff0000004e/click [39m[32m200[39m [90m78 ms - 14[39m
[38;5;0m[HTTP][0m [90m[39m
[38;5;0m[HTTP][0m [37m-->[39m [37mGET[39m [37m/wd/hub/session/e3402478-8b68-4603-a6c0-ccf6ecf10005/source[39m
[38;5;0m[HTTP][0m [90m{}[39m
[38;5;48m[AndroidUiautomator2Driver@e9b8 (e3402478)][0m Driver proxy active, passing request on via HTTP proxy
[38;5;48m[AndroidUiautomator2Driver@e9b8 (e3402478)][0m Replacing sessionId 54402de6-c0da-4b22-9dcc-290a43b42081 with e3402478-8b68-4603-a6c0-ccf6ecf10005
[38;5;0m[HTTP][0m [37m<-- GET /wd/hub/session/e3402478-8b68-4603-a6c0-ccf6ecf10005/source [39m[32m200[39m [90m149 ms - 16335[39m
[38;5;0m[HTTP][0m [90m[39m
[38;5;0m[HTTP][0m [37m-->[39m [37mGET[39m [37m/wd/hub/session/e3402478-8b68-4603-a6c0-ccf6ecf10005/screenshot[39m
[38;5;0m[HTTP][0m [90m{}[39m
[38;5;0m[HTTP][0m [37m<-- GET /wd/hub/session/e3402478-8b68-4603-a6c0-ccf6ecf10005/screenshot [39m[32m200[39m [90m994 ms - 384120[39m
[38;5;0m[HTTP][0m [90m[39m
[38;5;0m[HTTP][0m [37m-->[39m [37mPOST[39m [37m/wd/hub/session/e3402478-8b68-4603-a6c0-ccf6ecf10005/elements[39m
[38;5;0m[HTTP][0m [90m{"using":"xpath","value":"//*[@class = 'android.widget.ImageButton' and @resource-id = 'com.androidsample.generalstore:id/appbar_btn_cart' and (@text = '' or . = '')]"}[39m
[38;5;0m[HTTP][0m [37m<-- POST /wd/hub/session/e3402478-8b68-4603-a6c0-ccf6ecf10005/elements [39m[32m200[39m [90m228 ms - 139[39m
[38;5;0m[HTTP][0m [90m[39m
[38;5;0m[HTTP][0m [37m-->[39m [37mGET[39m [37m/wd/hub/session/e3402478-8b68-4603-a6c0-ccf6ecf10005/window/rect[39m
[38;5;0m[HTTP][0m [90m{}[39m
[38;5;0m[HTTP][0m [37m<-- GET /wd/hub/session/e3402478-8b68-4603-a6c0-ccf6ecf10005/window/rect [39m[32m200[39m [90m19 ms - 50[39m
[38;5;0m[HTTP][0m [90m[39m
[38;5;0m[HTTP][0m [37m-->[39m [37mPOST[39m [37m/wd/hub/session/e3402478-8b68-4603-a6c0-ccf6ecf10005/elements[39m
[38;5;0m[HTTP][0m [90m{"using":"xpath","value":"//*[@class = 'android.widget.ImageButton' and @resource-id = 'com.androidsample.generalstore:id/appbar_btn_cart' and (@text = '' or . = '')]"}[39m
[38;5;0m[HTTP][0m [37m<-- POST /wd/hub/session/e3402478-8b68-4603-a6c0-ccf6ecf10005/elements [39m[32m200[39m [90m162 ms - 139[39m
[38;5;0m[HTTP][0m [90m[39m
[38;5;0m[HTTP][0m [37m-->[39m [37mGET[39m [37m/wd/hub/session/e3402478-8b68-4603-a6c0-ccf6ecf10005/element/00000000-0000-00e6-ffff-ffff00000044/location[39m
[38;5;0m[HTTP][0m [90m{}[39m
[38;5;48m[AndroidUiautomator2Driver@e9b8 (e3402478)][0m Driver proxy active, passing request on via HTTP proxy
[38;5;48m[AndroidUiautomator2Driver@e9b8 (e3402478)][0m Replacing sessionId 54402de6-c0da-4b22-9dcc-290a43b42081 with e3402478-8b68-4603-a6c0-ccf6ecf10005
[38;5;0m[HTTP][0m [37m<-- GET /wd/hub/session/e3402478-8b68-4603-a6c0-ccf6ecf10005/element/00000000-0000-00e6-ffff-ffff00000044/location [39m[32m200[39m [90m25 ms - 78[39m
[38;5;0m[HTTP][0m [90m[39m
[38;5;0m[HTTP][0m [37m-->[39m [37mPOST[39m [37m/wd/hub/session/e3402478-8b68-4603-a6c0-ccf6ecf10005/element/00000000-0000-00e6-ffff-ffff00000044/click[39m
[38;5;0m[HTTP][0m [90m{"id":"00000000-0000-00e6-ffff-ffff00000044"}[39m
[38;5;0m[HTTP][0m [37m<-- POST /wd/hub/session/e3402478-8b68-4603-a6c0-ccf6ecf10005/element/00000000-0000-00e6-ffff-ffff00000044/click [39m[32m200[39m [90m41 ms - 14[39m
[38;5;0m[HTTP][0m [90m[39m
[38;5;0m[HTTP][0m [37m-->[39m [37mGET[39m [37m/wd/hub/session/e3402478-8b68-4603-a6c0-ccf6ecf10005/source[39m
[38;5;0m[HTTP][0m [90m{}[39m
[38;5;48m[AndroidUiautomator2Driver@e9b8 (e3402478)][0m Driver proxy active, passing request on via HTTP proxy
[38;5;48m[AndroidUiautomator2Driver@e9b8 (e3402478)][0m Replacing sessionId 54402de6-c0da-4b22-9dcc-290a43b42081 with e3402478-8b68-4603-a6c0-ccf6ecf10005
[38;5;0m[HTTP][0m [37m<-- GET /wd/hub/session/e3402478-8b68-4603-a6c0-ccf6ecf10005/source [39m[32m200[39m [90m544 ms - 14494[39m
[38;5;0m[HTTP][0m [90m[39m
[38;5;0m[HTTP][0m [37m-->[39m [37mGET[39m [37m/wd/hub/session/e3402478-8b68-4603-a6c0-ccf6ecf10005/screenshot[39m
[38;5;0m[HTTP][0m [90m{}[39m
[38;5;0m[HTTP][0m [37m<-- GET /wd/hub/session/e3402478-8b68-4603-a6c0-ccf6ecf10005/screenshot [39m[32m200[39m [90m889 ms - 254792[39m
[38;5;0m[HTTP][0m [90m[39m
[38;5;0m[HTTP][0m [37m-->[39m [37mGET[39m [37m/wd/hub/session/e3402478-8b68-4603-a6c0-ccf6ecf10005/screenshot[39m
[38;5;0m[HTTP][0m [90m{}[39m
[38;5;0m[HTTP][0m [37m<-- GET /wd/hub/session/e3402478-8b68-4603-a6c0-ccf6ecf10005/screenshot [39m[32m200[39m [90m990 ms - 254816[39m
[38;5;0m[HTTP][0m [90m[39m
[38;5;0m[HTTP][0m [37m-->[39m [37mGET[39m [37m/wd/hub/session/e3402478-8b68-4603-a6c0-ccf6ecf10005/source[39m
[38;5;0m[HTTP][0m [90m{}[39m
[38;5;48m[AndroidUiautomator2Driver@e9b8 (e3402478)][0m Driver proxy active, passing request on via HTTP proxy
[38;5;48m[AndroidUiautomator2Driver@e9b8 (e3402478)][0m Replacing sessionId 54402de6-c0da-4b22-9dcc-290a43b42081 with e3402478-8b68-4603-a6c0-ccf6ecf10005
[38;5;0m[HTTP][0m [37m<-- GET /wd/hub/session/e3402478-8b68-4603-a6c0-ccf6ecf10005/source [39m[32m200[39m [90m165 ms - 14494[39m
[38;5;0m[HTTP][0m [90m[39m
[38;5;0m[HTTP][0m [37m-->[39m [37mGET[39m [37m/wd/hub/session/e3402478-8b68-4603-a6c0-ccf6ecf10005/screenshot[39m
[38;5;0m[HTTP][0m [90m{}[39m
[38;5;0m[HTTP][0m [37m<-- GET /wd/hub/session/e3402478-8b68-4603-a6c0-ccf6ecf10005/screenshot [39m[32m200[39m [90m884 ms - 254792[39m
[38;5;0m[HTTP][0m [90m[39m
[38;5;0m[HTTP][0m [37m-->[39m [37mDELETE[39m [37m/wd/hub/session/e3402478-8b68-4603-a6c0-ccf6ecf10005[39m
[38;5;0m[HTTP][0m [90m{}[39m
[38;5;16m[AppiumDriver@7d31][0m Removing session e3402478-8b68-4603-a6c0-ccf6ecf10005 from our master session list
[38;5;48m[AndroidUiautomator2Driver@e9b8 (e3402478)][0m Restoring hidden api policy to the device default configuration
[38;5;0m[HTTP][0m [37m<-- DELETE /wd/hub/session/e3402478-8b68-4603-a6c0-ccf6ecf10005 [39m[32m200[39m [90m275 ms - 14[39m
[38;5;0m[HTTP][0m [90m[39m
